{
  "RSpec": {
    "coverage": {
      "/home/amol/projects/Email-Extract/lib/Email.rb": [
        null,
        1,
        1,
        null,
        1,
        1,
        6,
        5,
        null,
        null,
        1,
        3,
        6,
        6,
        null,
        null,
        3,
        3,
        null,
        null,
        1,
        null,
        1,
        6,
        6,
        null,
        null,
        null,
        1,
        3,
        9,
        3,
        null,
        null,
        null,
        1,
        3,
        3,
        3,
        3,
        null,
        null,
        null,
        null
      ]
    },
    "timestamp": 1431607971
  },
  "Unknown Test Framework": {
    "coverage": {
      "/home/amol/projects/Email-Extract/spec/spec_helper.rb": [
        1,
        1,
        null,
        1,
        1,
        1,
        null,
        null,
        1,
        null,
        null,
        null,
        null,
        null,
        null,
        null,
        null,
        null,
        null,
        null,
        null,
        null,
        null,
        null,
        null,
        1,
        0,
        null,
        null,
        null,
        0,
        null,
        null,
        null,
        null,
        null,
        null,
        null,
        0,
        null,
        null,
        null,
        null,
        0,
        null,
        null,
        null,
        0,
        null,
        null,
        null,
        null,
        null,
        null,
        null,
        null,
        null,
        null,
        null,
        null,
        null,
        null,
        null,
        null,
        null,
        null,
        0,
        null,
        null,
        null,
        null,
        null,
        null,
        null,
        null,
        null,
        null,
        null,
        null,
        null,
        null,
        null,
        null,
        null,
        null,
        null,
        null,
        null,
        null,
        null,
        null,
        null,
        null,
        null,
        null,
        null,
        null,
        null,
        null,
        null
      ]
    },
    "timestamp": 1431523905
  }
}
